<?xml version="1.0" encoding="UTF-8"?>
<!-- Generated by org.testng.reporters.JUnitXMLReporter -->
<testsuite ignored="0" hostname="ATMECSINLT-1155" failures="1" tests="1" name="enter values" time="0.009" errors="0" timestamp="2022-07-27T22:05:50 GMT+05:30">
  <testcase classname="tests.TestCases" name="run" time="0.002">
    <failure type="java.lang.NullPointerException">
      <![CDATA[java.lang.NullPointerException
at tests.TestCases.run(TestCases.java:15)
at java.base/java.util.ArrayList.forEach(ArrayList.java:1541)
... Removed 27 stack frames]]>
    </failure>
  </testcase> <!-- run -->
</testsuite> <!-- enter values -->
